{"name": "test_workspace_functionality", "status": "broken", "statusDetails": {"message": "selenium.common.exceptions.TimeoutException: Message: \nStacktrace:\n\tGetHandleVerifier [0x00007FF7FBE29632+30946]\n\t(No symbol) [0x00007FF7FBDDE3C9]\n\t(No symbol) [0x00007FF7FBCD6FDA]\n\t(No symbol) [0x00007FF7FBD2822C]\n\t(No symbol) [0x00007FF7FBD2850C]\n\t(No symbol) [0x00007FF7FBD6DCB7]\n\t(No symbol) [0x00007FF7FBD4CAAF]\n\t(No symbol) [0x00007FF7FBD6B041]\n\t(No symbol) [0x00007FF7FBD4C813]\n\t(No symbol) [0x00007FF7FBD1A6E5]\n\t(No symbol) [0x00007FF7FBD1B021]\n\tGetHandleVerifier [0x00007FF7FBF5F83D+1301229]\n\tGetHandleVerifier [0x00007FF7FBF6BDB7+1351783]\n\tGetHandleVerifier [0x00007FF7FBF62A03+1313971]\n\tGetHandleVerifier [0x00007FF7FBE5DD06+245686]\n\t(No symbol) [0x00007FF7FBDE758F]\n\t(No symbol) [0x00007FF7FBDE3804]\n\t(No symbol) [0x00007FF7FBDE3992]\n\t(No symbol) [0x00007FF7FBDDA3EF]\n\tBaseThreadInitThunk [0x00007FF9BDA47374+20]\n\tRtlUserThreadStart [0x00007FF9BDE3CC91+33]", "trace": "driver = <selenium.webdriver.chrome.webdriver.WebDriver (session=\"6b6e0ff4f9856710ef627cb470acb3d2\")>\nlogin_data = {'dashboard_url': 'https://app.respond.io/space/241150/dashboard', 'invalid_email': 'bismarespond.io@yopmail.com', 'login_url': 'https://app.respond.io/user/login', 'valid_email': 'bidmarespond.io@yopmail.com', ...}\n\n    def test_workspace_functionality(driver, login_data):\n        # Perform login\n        login_page = LoginPage(driver)\n        login_page.login(login_data['valid_email'], login_data['valid_password'])\n        workspace_page = WorkspacePage(driver)\n        workspace_page.navigate_to_workspace_action()\n        workspace_page.add_workspace_screen()\n        current_url = driver.current_url\n        assert \"workflows\" in current_url, f\"Expected 'workflows' in URL, but got {current_url}\"\n        workspace_page.click_add_workflow_button()\n        workspace_page.click_start_from_scratch()\n        # workspace_page.wait_for_modal_to_appear()\n>       workspace_page.fill_modal_form(\"test\", \"test\")\n\ntests\\test_workspace.py:18: \n_ _ _ _ _ _ _ _ _ _ _ _ _ _ _ _ _ _ _ _ _ _ _ _ _ _ _ _ _ _ _ _ _ _ _ _ _ _ _ _ _ _ _ _ _ _ _ _ _ _ _ _ _ _ _ _ _ _ _ _ _ _ _ _ _ _ _ _ _ _ _ _ _ _ _ _ _ _ _ _ _ _ _ _ _ _ _ _ _ _ _ _\npages\\workspace_page.py:42: in fill_modal_form\n    name_input = self.wait.until(EC.visibility_of_element_located(self.input_name))\n_ _ _ _ _ _ _ _ _ _ _ _ _ _ _ _ _ _ _ _ _ _ _ _ _ _ _ _ _ _ _ _ _ _ _ _ _ _ _ _ _ _ _ _ _ _ _ _ _ _ _ _ _ _ _ _ _ _ _ _ _ _ _ _ _ _ _ _ _ _ _ _ _ _ _ _ _ _ _ _ _ _ _ _ _ _ _ _ _ _ _ _\n\nself = <selenium.webdriver.support.wait.WebDriverWait (session=\"6b6e0ff4f9856710ef627cb470acb3d2\")>\nmethod = <function visibility_of_element_located.<locals>._predicate at 0x0000015A70530F40>, message = ''\n\n    def until(self, method: Callable[[D], Union[Literal[False], T]], message: str = \"\") -> T:\n        \"\"\"Calls the method provided with the driver as an argument until the \\\n        return value does not evaluate to ``False``.\n    \n        :param method: callable(WebDriver)\n        :param message: optional message for :exc:`TimeoutException`\n        :returns: the result of the last call to `method`\n        :raises: :exc:`selenium.common.exceptions.TimeoutException` if timeout occurs\n        \"\"\"\n        screen = None\n        stacktrace = None\n    \n        end_time = time.monotonic() + self._timeout\n        while True:\n            try:\n                value = method(self._driver)\n                if value:\n                    return value\n            except self._ignored_exceptions as exc:\n                screen = getattr(exc, \"screen\", None)\n                stacktrace = getattr(exc, \"stacktrace\", None)\n            time.sleep(self._poll)\n            if time.monotonic() > end_time:\n                break\n>       raise TimeoutException(message, screen, stacktrace)\nE       selenium.common.exceptions.TimeoutException: Message: \nE       Stacktrace:\nE       \tGetHandleVerifier [0x00007FF7FBE29632+30946]\nE       \t(No symbol) [0x00007FF7FBDDE3C9]\nE       \t(No symbol) [0x00007FF7FBCD6FDA]\nE       \t(No symbol) [0x00007FF7FBD2822C]\nE       \t(No symbol) [0x00007FF7FBD2850C]\nE       \t(No symbol) [0x00007FF7FBD6DCB7]\nE       \t(No symbol) [0x00007FF7FBD4CAAF]\nE       \t(No symbol) [0x00007FF7FBD6B041]\nE       \t(No symbol) [0x00007FF7FBD4C813]\nE       \t(No symbol) [0x00007FF7FBD1A6E5]\nE       \t(No symbol) [0x00007FF7FBD1B021]\nE       \tGetHandleVerifier [0x00007FF7FBF5F83D+1301229]\nE       \tGetHandleVerifier [0x00007FF7FBF6BDB7+1351783]\nE       \tGetHandleVerifier [0x00007FF7FBF62A03+1313971]\nE       \tGetHandleVerifier [0x00007FF7FBE5DD06+245686]\nE       \t(No symbol) [0x00007FF7FBDE758F]\nE       \t(No symbol) [0x00007FF7FBDE3804]\nE       \t(No symbol) [0x00007FF7FBDE3992]\nE       \t(No symbol) [0x00007FF7FBDDA3EF]\nE       \tBaseThreadInitThunk [0x00007FF9BDA47374+20]\nE       \tRtlUserThreadStart [0x00007FF9BDE3CC91+33]\n\nC:\\Python312\\Lib\\site-packages\\selenium\\webdriver\\support\\wait.py:105: TimeoutException"}, "start": 1722716252099, "stop": 1722716289362, "uuid": "733f5b1c-0025-4fbd-bb25-26639a76ef37", "historyId": "c506d1bcab86e29833f8b448a46f8225", "testCaseId": "c506d1bcab86e29833f8b448a46f8225", "fullName": "tests.test_workspace#test_workspace_functionality", "labels": [{"name": "parentSuite", "value": "tests"}, {"name": "suite", "value": "test_workspace"}, {"name": "host", "value": "DESKTOP-1RESUV2"}, {"name": "thread", "value": "19368-MainThread"}, {"name": "framework", "value": "pytest"}, {"name": "language", "value": "cpython3"}, {"name": "package", "value": "tests.test_workspace"}]}