{"name": "test_invalid_login", "status": "broken", "statusDetails": {"message": "selenium.common.exceptions.TimeoutException: Message: \nStacktrace:\n\tGetHandleVerifier [0x00007FF72AE19632+30946]\n\t(No symbol) [0x00007FF72ADCE3C9]\n\t(No symbol) [0x00007FF72ACC6FDA]\n\t(No symbol) [0x00007FF72AD1822C]\n\t(No symbol) [0x00007FF72AD1850C]\n\t(No symbol) [0x00007FF72AD5DCB7]\n\t(No symbol) [0x00007FF72AD3CAAF]\n\t(No symbol) [0x00007FF72AD5B041]\n\t(No symbol) [0x00007FF72AD3C813]\n\t(No symbol) [0x00007FF72AD0A6E5]\n\t(No symbol) [0x00007FF72AD0B021]\n\tGetHandleVerifier [0x00007FF72AF4F83D+1301229]\n\tGetHandleVerifier [0x00007FF72AF5BDB7+1351783]\n\tGetHandleVerifier [0x00007FF72AF52A03+1313971]\n\tGetHandleVerifier [0x00007FF72AE4DD06+245686]\n\t(No symbol) [0x00007FF72ADD758F]\n\t(No symbol) [0x00007FF72ADD3804]\n\t(No symbol) [0x00007FF72ADD3992]\n\t(No symbol) [0x00007FF72ADCA3EF]\n\tBaseThreadInitThunk [0x00007FF9BDA47374+20]\n\tRtlUserThreadStart [0x00007FF9BDE3CC91+33]", "trace": "driver = <selenium.webdriver.chrome.webdriver.WebDriver (session=\"7d2f4063832c42ceb0c2c32bded4d76f\")>\nlogin_data = {'invalid_email': 'bismarespond.io@yopmail.com', 'valid_email': 'bidmarespond.io@yopmail.com', 'valid_password': 'Bismarespond.io1'}\n\n    def test_invalid_login(driver, login_data):\n        login_page = LoginPage(driver)\n>       login_page.login(login_data[\"invalid_email\"], login_data[\"valid_password\"])\n\ntests\\test_login.py:22: \n_ _ _ _ _ _ _ _ _ _ _ _ _ _ _ _ _ _ _ _ _ _ _ _ _ _ _ _ _ _ _ _ _ _ _ _ _ _ _ _ _ _ _ _ _ _ _ _ _ _ _ _ _ _ _ _ _ _ _ _ _ _ _ _ _ _ _ _ _ _ _ _ _ _ _ _ _ _ _ _ _ _ _ _ _ _ _ _ _ _ _ _ _ _ _ _ _ _ _ _ _ _ _ _ _ _ _ _ _ _ _ _ _ _ _ _\npages\\login_page.py:27: in login\n    self.enter_email(email)\npages\\login_page.py:17: in enter_email\n    self.find_element(self.email_field).send_keys(email)\npages\\base_page.py:10: in find_element\n    return WebDriverWait(self.driver, time).until(EC.presence_of_element_located(locator))\n_ _ _ _ _ _ _ _ _ _ _ _ _ _ _ _ _ _ _ _ _ _ _ _ _ _ _ _ _ _ _ _ _ _ _ _ _ _ _ _ _ _ _ _ _ _ _ _ _ _ _ _ _ _ _ _ _ _ _ _ _ _ _ _ _ _ _ _ _ _ _ _ _ _ _ _ _ _ _ _ _ _ _ _ _ _ _ _ _ _ _ _ _ _ _ _ _ _ _ _ _ _ _ _ _ _ _ _ _ _ _ _ _ _ _ _\n\nself = <selenium.webdriver.support.wait.WebDriverWait (session=\"7d2f4063832c42ceb0c2c32bded4d76f\")>, method = <function presence_of_element_located.<locals>._predicate at 0x000001D584CE1F80>, message = ''\n\n    def until(self, method: Callable[[D], Union[Literal[False], T]], message: str = \"\") -> T:\n        \"\"\"Calls the method provided with the driver as an argument until the \\\n        return value does not evaluate to ``False``.\n    \n        :param method: callable(WebDriver)\n        :param message: optional message for :exc:`TimeoutException`\n        :returns: the result of the last call to `method`\n        :raises: :exc:`selenium.common.exceptions.TimeoutException` if timeout occurs\n        \"\"\"\n        screen = None\n        stacktrace = None\n    \n        end_time = time.monotonic() + self._timeout\n        while True:\n            try:\n                value = method(self._driver)\n                if value:\n                    return value\n            except self._ignored_exceptions as exc:\n                screen = getattr(exc, \"screen\", None)\n                stacktrace = getattr(exc, \"stacktrace\", None)\n            time.sleep(self._poll)\n            if time.monotonic() > end_time:\n                break\n>       raise TimeoutException(message, screen, stacktrace)\nE       selenium.common.exceptions.TimeoutException: Message: \nE       Stacktrace:\nE       \tGetHandleVerifier [0x00007FF72AE19632+30946]\nE       \t(No symbol) [0x00007FF72ADCE3C9]\nE       \t(No symbol) [0x00007FF72ACC6FDA]\nE       \t(No symbol) [0x00007FF72AD1822C]\nE       \t(No symbol) [0x00007FF72AD1850C]\nE       \t(No symbol) [0x00007FF72AD5DCB7]\nE       \t(No symbol) [0x00007FF72AD3CAAF]\nE       \t(No symbol) [0x00007FF72AD5B041]\nE       \t(No symbol) [0x00007FF72AD3C813]\nE       \t(No symbol) [0x00007FF72AD0A6E5]\nE       \t(No symbol) [0x00007FF72AD0B021]\nE       \tGetHandleVerifier [0x00007FF72AF4F83D+1301229]\nE       \tGetHandleVerifier [0x00007FF72AF5BDB7+1351783]\nE       \tGetHandleVerifier [0x00007FF72AF52A03+1313971]\nE       \tGetHandleVerifier [0x00007FF72AE4DD06+245686]\nE       \t(No symbol) [0x00007FF72ADD758F]\nE       \t(No symbol) [0x00007FF72ADD3804]\nE       \t(No symbol) [0x00007FF72ADD3992]\nE       \t(No symbol) [0x00007FF72ADCA3EF]\nE       \tBaseThreadInitThunk [0x00007FF9BDA47374+20]\nE       \tRtlUserThreadStart [0x00007FF9BDE3CC91+33]\n\nC:\\Python312\\Lib\\site-packages\\selenium\\webdriver\\support\\wait.py:105: TimeoutException"}, "start": 1722694189259, "stop": 1722694200608, "uuid": "c5a5d482-f45c-4622-9adc-7ecd14f98fcc", "historyId": "6485cd1aa206d185bd707f422a9a9238", "testCaseId": "6485cd1aa206d185bd707f422a9a9238", "fullName": "tests.test_login#test_invalid_login", "labels": [{"name": "parentSuite", "value": "tests"}, {"name": "suite", "value": "test_login"}, {"name": "host", "value": "DESKTOP-1RESUV2"}, {"name": "thread", "value": "21392-MainThread"}, {"name": "framework", "value": "pytest"}, {"name": "language", "value": "cpython3"}, {"name": "package", "value": "tests.test_login"}]}