{"name": "test_workspace_functionality", "status": "failed", "statusDetails": {"message": "AssertionError: Expected text 'Add Workflow' but got 'Browse Workflow Templates'", "trace": "driver = <selenium.webdriver.chrome.webdriver.WebDriver (session=\"27d13d5d636f7701546b3872ca8be8cc\")>\nlogin_data = {'dashboard_url': 'https://app.respond.io/space/241150/dashboard', 'invalid_email': 'bismarespond.io@yopmail.com', 'login_url': 'https://app.respond.io/user/login', 'valid_email': 'bidmarespond.io@yopmail.com', ...}\n\n    def test_workspace_functionality(driver, login_data):\n        # Perform login\n        login_page = LoginPage(driver)\n        login_page.login(login_data['valid_email'], login_data['valid_password'])\n        workspace_page = WorkspacePage(driver)\n        workspace_page.navigate_to_workspace_action()\n        workspace_page.add_workspace_screen()\n        current_url = driver.current_url\n        assert \"workflows\" in current_url, f\"Expected 'workflows' in URL, but got {current_url}\"\n        workspace_page.click_add_workflow_button()\n>       workspace_page.click_start_from_scratch()\n\ntests\\test_workspace.py:16: \n_ _ _ _ _ _ _ _ _ _ _ _ _ _ _ _ _ _ _ _ _ _ _ _ _ _ _ _ _ _ _ _ _ _ _ _ _ _ _ _ _ _ _ _ _ _ _ _ _ _ _ _ _ _ _ _ _ _ _ _ _ _ _ _ _ _ _ _ _ _ _ _ _ _ _ _ _ _ _ _ _ _ _ _ _ _ _ _ _ _ _ _\n\nself = <pages.workspace_page.WorkspacePage object at 0x000002356191E960>\n\n    def click_start_from_scratch(self):\n        # Use locator directly without unpacking\n        self.wait.until(EC.element_to_be_clickable(self.start_from_scratch_button)).click()\n        self.driver.implicitly_wait(100)\n        title_element = self.wait.until(EC.visibility_of_element_located(self.title_locator))\n        # Assert that the text of the element is \"Add Workflow\"\n    \n>       assert title_element.text == \"Add Workflow\", f\"Expected text 'Add Workflow' but got '{title_element.text}'\"\nE       AssertionError: Expected text 'Add Workflow' but got 'Browse Workflow Templates'\n\npages\\workspace_page.py:43: AssertionError"}, "start": 1722714940978, "stop": 1722714957512, "uuid": "1614d219-3189-4747-b8ee-03a23da35d3d", "historyId": "c506d1bcab86e29833f8b448a46f8225", "testCaseId": "c506d1bcab86e29833f8b448a46f8225", "fullName": "tests.test_workspace#test_workspace_functionality", "labels": [{"name": "parentSuite", "value": "tests"}, {"name": "suite", "value": "test_workspace"}, {"name": "host", "value": "DESKTOP-1RESUV2"}, {"name": "thread", "value": "2600-MainThread"}, {"name": "framework", "value": "pytest"}, {"name": "language", "value": "cpython3"}, {"name": "package", "value": "tests.test_workspace"}]}